<?xml version="1.0" encoding="UTF-8"?>
<testsuite name="WordCutterTests" tests="1" skipped="0" failures="0" errors="0" timestamp="2023-09-27T22:47:34" hostname="MacBook.local" time="0.004">
  <properties/>
  <testcase name="testSolution" classname="WordCutterTests" time="0.004"/>
  <system-out><![CDATA[]]></system-out>
  <system-err><![CDATA[]]></system-err>
</testsuite>
